<?xml version="1.0" encoding="UTF-8"?>
<!-- Generated by org.testng.reporters.JUnitReportReporter -->
<testsuite hostname="Ananyas-MacBook-Pro.local" failures="0" tests="6" name="com.jan23.tests.SalesforceAutomation" time="63.905" errors="0" timestamp="2023-03-15T16:32:52 PDT" skipped="0">
  <testcase classname="com.jan23.tests.SalesforceAutomation" name="TC01_errorLoginSalesforceOne" time="7.370"/>
  <system-out/>
  <testcase classname="com.jan23.tests.SalesforceAutomation" name="TC05_User_Menu_Dropdown" time="9.143"/>
  <system-out/>
  <testcase classname="com.jan23.tests.SalesforceAutomation" name="TC04_A_forgotYourPasswordLoginSalesforce" time="13.055"/>
  <system-out/>
  <testcase classname="com.jan23.tests.SalesforceAutomation" name="TC02_successLoginSalesforce" time="13.887"/>
  <system-out/>
  <testcase classname="com.jan23.tests.SalesforceAutomation" name="TC04_B_errorLoginSalesforceTwo" time="7.739"/>
  <system-out/>
  <testcase classname="com.jan23.tests.SalesforceAutomation" name="TC03_rememberMeLoginSalesforce" time="12.711"/>
  <system-out/>
</testsuite> <!-- com.jan23.tests.SalesforceAutomation -->
